

Processing ApplicationController#index (for 127.0.0.1 at 2009-07-06 23:40:16) [GET]

ActionController::RoutingError (No route matches "/javascripts/prototype.js" with {:method=>:get}):
  -e:2:in `load'
  -e:2

Rendering rescues/layout (not_found)


Processing ApplicationController#index (for 127.0.0.1 at 2009-07-06 23:40:16) [GET]

ActionController::RoutingError (No route matches "/javascripts/effects.js" with {:method=>:get}):
  -e:2:in `load'
  -e:2

Rendering rescues/layout (not_found)


Processing ApplicationController#index (for 127.0.0.1 at 2009-07-06 23:41:30) [GET]

ActionController::RoutingError (No route matches "/javascripts/prototype.js" with {:method=>:get}):
  -e:2:in `load'
  -e:2

Rendering rescues/layout (not_found)


Processing ApplicationController#index (for 127.0.0.1 at 2009-07-06 23:41:30) [GET]

ActionController::RoutingError (No route matches "/javascripts/effects.js" with {:method=>:get}):
  -e:2:in `load'
  -e:2

Rendering rescues/layout (not_found)


Processing ApplicationController#index (for 127.0.0.1 at 2009-07-06 23:42:09) [GET]

ActionController::RoutingError (No route matches "/javascripts/effects.js" with {:method=>:get}):
  -e:2:in `load'
  -e:2

Rendering rescues/layout (not_found)


Processing ApplicationController#index (for 127.0.0.1 at 2009-07-06 23:42:09) [GET]

ActionController::RoutingError (No route matches "/javascripts/prototype.js" with {:method=>:get}):
  -e:2:in `load'
  -e:2

Rendering rescues/layout (not_found)


Processing ApplicationController#index (for 127.0.0.1 at 2009-07-06 23:44:13) [GET]

ActionController::RoutingError (No route matches "/javascripts/prototype.js" with {:method=>:get}):
  C:/Ruby/lib/ruby/1.8/webrick/httpserver.rb:104:in `service'
  C:/Ruby/lib/ruby/1.8/webrick/httpserver.rb:65:in `run'
  C:/Ruby/lib/ruby/1.8/webrick/server.rb:173:in `start_thread'
  C:/Ruby/lib/ruby/1.8/webrick/server.rb:162:in `start'
  C:/Ruby/lib/ruby/1.8/webrick/server.rb:162:in `start_thread'
  C:/Ruby/lib/ruby/1.8/webrick/server.rb:95:in `start'
  C:/Ruby/lib/ruby/1.8/webrick/server.rb:92:in `each'
  C:/Ruby/lib/ruby/1.8/webrick/server.rb:92:in `start'
  C:/Ruby/lib/ruby/1.8/webrick/server.rb:23:in `start'
  C:/Ruby/lib/ruby/1.8/webrick/server.rb:82:in `start'
  -e:2:in `load'
  -e:2

Rendering rescues/layout (not_found)


Processing ApplicationController#index (for 127.0.0.1 at 2009-07-06 23:44:14) [GET]

ActionController::RoutingError (No route matches "/javascripts/effects.js" with {:method=>:get}):
  C:/Ruby/lib/ruby/1.8/webrick/httpserver.rb:104:in `service'
  C:/Ruby/lib/ruby/1.8/webrick/httpserver.rb:65:in `run'
  C:/Ruby/lib/ruby/1.8/webrick/server.rb:173:in `start_thread'
  C:/Ruby/lib/ruby/1.8/webrick/server.rb:162:in `start'
  C:/Ruby/lib/ruby/1.8/webrick/server.rb:162:in `start_thread'
  C:/Ruby/lib/ruby/1.8/webrick/server.rb:95:in `start'
  C:/Ruby/lib/ruby/1.8/webrick/server.rb:92:in `each'
  C:/Ruby/lib/ruby/1.8/webrick/server.rb:92:in `start'
  C:/Ruby/lib/ruby/1.8/webrick/server.rb:23:in `start'
  C:/Ruby/lib/ruby/1.8/webrick/server.rb:82:in `start'
  -e:2:in `load'
  -e:2

Rendering rescues/layout (not_found)
